#
# There is insufficient memory for the Java Runtime Environment to continue.
# Native memory allocation (malloc) failed to allocate 32756 bytes for ChunkPool::allocate
# Possible reasons:
#   The system is out of physical RAM or swap space
#   In 32 bit mode, the process size limit was hit
# Possible solutions:
#   Reduce memory load on the system
#   Increase physical memory or swap space
#   Check if swap backing store is full
#   Use 64 bit Java on a 64 bit OS
#   Decrease Java heap size (-Xmx/-Xms)
#   Decrease number of Java threads
#   Decrease Java thread stack sizes (-Xss)
#   Set larger code cache with -XX:ReservedCodeCacheSize=
# This output file may be truncated or incomplete.
#
#  Out of Memory Error (allocation.cpp:273), pid=4472, tid=6524
#
# JRE version: Java(TM) SE Runtime Environment (8.0_31-b13) (build 1.8.0_31-b13)
# Java VM: Java HotSpot(TM) Client VM (25.31-b07 mixed mode, sharing windows-x86 )
# Failed to write core dump. Minidumps are not enabled by default on client versions of Windows
#

---------------  T H R E A D  ---------------

Current thread (0x01454000):  JavaThread "C1 CompilerThread0" daemon [_thread_in_native, id=6524, stack(0x047b0000,0x04800000)]

Stack: [0x047b0000,0x04800000],  sp=0x047feb40,  free space=314k
Native frames: (J=compiled Java code, j=interpreted, Vv=VM code, C=native code)
V  [jvm.dll+0x197b8b]
V  [jvm.dll+0x190a28]
V  [jvm.dll+0x81959]
V  [jvm.dll+0x81bcf]
V  [jvm.dll+0x81f2a]
V  [jvm.dll+0x98774]
V  [jvm.dll+0x190089]
V  [jvm.dll+0x1901a8]
V  [jvm.dll+0x287f7c]
V  [jvm.dll+0x28c2af]
V  [jvm.dll+0x271139]
V  [jvm.dll+0x27120a]
V  [jvm.dll+0x271378]
V  [jvm.dll+0x2715f2]
V  [jvm.dll+0x669ca]
V  [jvm.dll+0x67089]
V  [jvm.dll+0x169acc]
V  [jvm.dll+0x16a35a]
V  [jvm.dll+0x1af0a6]
C  [msvcr100.dll+0x5c556]
C  [msvcr100.dll+0x5c600]
C  [kernel32.dll+0x4ee1c]
C  [ntdll.dll+0x6399b]
C  [ntdll.dll+0x6396e]
C  0x00000000


Current CompileTask:
C1:  65820  293   !        
[error occurred during error reporting (printing current compile task), id 0xe0000001]


---------------  P R O C E S S  ---------------

Java Threads: ( => current thread )
  0x04fbe400 JavaThread "pool-1-thread-22" [_thread_blocked, id=7236, stack(0x06e00000,0x06e50000)]
  0x050a7c00 JavaThread "pool-1-thread-21" [_thread_blocked, id=5036, stack(0x06cc0000,0x06d10000)]
  0x04fbf000 JavaThread "pool-1-thread-20" [_thread_blocked, id=8084, stack(0x06ee0000,0x06f30000)]
  0x050ac800 JavaThread "pool-1-thread-19" [_thread_blocked, id=7544, stack(0x05c70000,0x05cc0000)]
  0x050ac400 JavaThread "pool-1-thread-18" [_thread_blocked, id=7056, stack(0x06b90000,0x06be0000)]
  0x050abc00 JavaThread "pool-1-thread-17" [_thread_blocked, id=2684, stack(0x06710000,0x06760000)]
  0x050ab800 JavaThread "pool-1-thread-16" [_thread_blocked, id=4888, stack(0x06ae0000,0x06b30000)]
  0x050ab000 JavaThread "pool-1-thread-15" [_thread_blocked, id=6420, stack(0x06b40000,0x06b90000)]
  0x050aa800 JavaThread "pool-1-thread-14" [_thread_blocked, id=2496, stack(0x06600000,0x06650000)]
  0x050aa400 JavaThread "pool-1-thread-13" [_thread_blocked, id=6276, stack(0x059d0000,0x05a20000)]
  0x050a9c00 JavaThread "pool-1-thread-12" [_thread_blocked, id=6004, stack(0x06a60000,0x06ab0000)]
  0x050a9800 JavaThread "pool-1-thread-11" [_thread_blocked, id=7856, stack(0x06770000,0x067c0000)]
  0x050a9000 JavaThread "pool-1-thread-10" [_thread_blocked, id=140, stack(0x064f0000,0x06540000)]
  0x050a8c00 JavaThread "pool-1-thread-9" [_thread_blocked, id=8116, stack(0x05aa0000,0x05af0000)]
  0x050a7800 JavaThread "pool-1-thread-8" [_thread_blocked, id=4596, stack(0x06810000,0x06860000)]
  0x050a7000 JavaThread "pool-1-thread-7" [_thread_blocked, id=6968, stack(0x065b0000,0x06600000)]
  0x050a5000 JavaThread "pool-1-thread-6" [_thread_blocked, id=8112, stack(0x066b0000,0x06700000)]
  0x050a8400 JavaThread "pool-1-thread-5" [_thread_blocked, id=7200, stack(0x067c0000,0x06810000)]
  0x050a6c00 JavaThread "pool-1-thread-4" [_thread_blocked, id=7520, stack(0x06410000,0x06460000)]
  0x050a6400 JavaThread "pool-1-thread-3" [_thread_blocked, id=4992, stack(0x05f80000,0x05fd0000)]
  0x050a6000 JavaThread "pool-1-thread-2" [_thread_blocked, id=5520, stack(0x05b40000,0x05b90000)]
  0x050a5800 JavaThread "pool-1-thread-1" [_thread_blocked, id=7392, stack(0x06470000,0x064c0000)]
  0x05072400 JavaThread "Thread-5" [_thread_in_Java, id=2136, stack(0x05e10000,0x05e60000)]
  0x05071400 JavaThread "Thread-4" [_thread_blocked, id=6284, stack(0x05cc0000,0x05d10000)]
  0x0506cc00 JavaThread "Thread-3" [_thread_blocked, id=6396, stack(0x05be0000,0x05c30000)]
  0x0508a400 JavaThread "Thread-2" [_thread_in_native, id=7696, stack(0x05a40000,0x05a90000)]
  0x05016400 JavaThread "TimerQueue" daemon [_thread_blocked, id=2788, stack(0x053e0000,0x05430000)]
  0x001dc800 JavaThread "DestroyJavaVM" [_thread_blocked, id=1680, stack(0x01600000,0x01650000)]
  0x04f79400 JavaThread "AWT-EventQueue-0" [_thread_blocked, id=5344, stack(0x05340000,0x05390000)]
  0x04f78400 JavaThread "AWT-Windows" daemon [_thread_in_native, id=6104, stack(0x04db0000,0x04e00000)]
  0x04f77800 JavaThread "AWT-Shutdown" [_thread_blocked, id=1564, stack(0x04810000,0x04860000)]
  0x04f74800 JavaThread "Java2D Disposer" daemon [_thread_blocked, id=7084, stack(0x051e0000,0x05230000)]
  0x0147b400 JavaThread "Service Thread" daemon [_thread_blocked, id=4828, stack(0x04e00000,0x04e50000)]
=>0x01454000 JavaThread "C1 CompilerThread0" daemon [_thread_in_native, id=6524, stack(0x047b0000,0x04800000)]
  0x01453000 JavaThread "Attach Listener" daemon [_thread_blocked, id=4720, stack(0x03ac0000,0x03b10000)]
  0x01452400 JavaThread "Signal Dispatcher" daemon [_thread_blocked, id=5600, stack(0x046b0000,0x04700000)]
  0x0143e400 JavaThread "Finalizer" daemon [_thread_blocked, id=4388, stack(0x03b70000,0x03bc0000)]
  0x0143c400 JavaThread "Reference Handler" daemon [_thread_blocked, id=1592, stack(0x04640000,0x04690000)]

Other Threads:
  0x0143a400 VMThread [stack: 0x03bc0000,0x03c10000] [id=4784]
  0x01484800 WatcherThread [stack: 0x04eb0000,0x04f00000] [id=2052]

VM state:not at safepoint (normal execution)

VM Mutex/Monitor currently owned by a thread: None

Heap:
 def new generation   total 65024K, used 30116K [0x0f200000, 0x13880000, 0x14750000)
  eden space 57856K,  52% used [0x0f200000, 0x10f68cb8, 0x12a80000)
  from space 7168K,   0% used [0x13180000, 0x131803a0, 0x13880000)
  to   space 7168K,   0% used [0x12a80000, 0x12a80000, 0x13180000)
 tenured generation   total 144084K, used 137093K [0x14750000, 0x1d405000, 0x1f200000)
   the space 144084K,  95% used [0x14750000, 0x1cd31670, 0x1cd31800, 0x1d405000)
 Metaspace       used 987K, capacity 2606K, committed 2624K, reserved 4480K

Card table byte_map: [0x03920000,0x039b0000] byte_map_base: 0x038a7000

Polling page: 0x00170000

CodeCache: size=32768Kb used=1025Kb max_used=1025Kb free=31742Kb
 bounds [0x01920000, 0x01a28000, 0x03920000]
 total_blobs=515 nmethods=291 adapters=156
 compilation: enabled

Compilation events (10 events):
Event: 64.463 Thread 0x01454000 nmethod 288 0x01a1e908 code [0x01a1ea10, 0x01a1eb10]
Event: 65.402 Thread 0x01454000  289             javax.swing.RepaintManager::collectDirtyComponents (344 bytes)
Event: 65.403 Thread 0x01454000 nmethod 289 0x01a1eb48 code [0x01a1ed40, 0x01a1f37c]
Event: 65.403 Thread 0x01454000  290             javax.swing.BufferStrategyPaintManager::fetchRoot (154 bytes)
Event: 65.404 Thread 0x01454000 nmethod 290 0x01a1fb48 code [0x01a1fcb0, 0x01a20080]
Event: 65.544 Thread 0x01454000  291             sun.awt.AWTAutoShutdown::getInstance (4 bytes)
Event: 65.544 Thread 0x01454000 nmethod 291 0x01a20308 code [0x01a20400, 0x01a20470]
Event: 65.701 Thread 0x01454000  292             javax.swing.JComponent::contains (27 bytes)
Event: 65.702 Thread 0x01454000 nmethod 292 0x01a204c8 code [0x01a205c0, 0x01a206f0]
Event: 65.764 Thread 0x01454000  293   !         java.awt.GradientPaintContext::<init> (649 bytes)

GC Heap History (10 events):
Event: 65.409 GC heap before
{Heap before GC invocations=7626 (full 8):
 def new generation   total 65024K, used 57857K [0x0f200000, 0x13880000, 0x14750000)
  eden space 57856K, 100% used [0x0f200000, 0x12a80000, 0x12a80000)
  from space 7168K,   0% used [0x12a80000, 0x12a80438, 0x13180000)
  to   space 7168K,   0% used [0x13180000, 0x13180000, 0x13880000)
 tenured generation   total 144084K, used 137093K [0x14750000, 0x1d405000, 0x1f200000)
   the space 144084K,  95% used [0x14750000, 0x1cd315d8, 0x1cd31600, 0x1d405000)
 Metaspace       used 987K, capacity 2606K, committed 2624K, reserved 4480K
Event: 65.410 GC heap after
Heap after GC invocations=7627 (full 8):
 def new generation   total 65024K, used 1K [0x0f200000, 0x13880000, 0x14750000)
  eden space 57856K,   0% used [0x0f200000, 0x0f200000, 0x12a80000)
  from space 7168K,   0% used [0x13180000, 0x13180458, 0x13880000)
  to   space 7168K,   0% used [0x12a80000, 0x12a80000, 0x13180000)
 tenured generation   total 144084K, used 137093K [0x14750000, 0x1d405000, 0x1f200000)
   the space 144084K,  95% used [0x14750000, 0x1cd315d8, 0x1cd31600, 0x1d405000)
 Metaspace       used 987K, capacity 2606K, committed 2624K, reserved 4480K
}
Event: 65.494 GC heap before
{Heap before GC invocations=7627 (full 8):
 def new generation   total 65024K, used 57857K [0x0f200000, 0x13880000, 0x14750000)
  eden space 57856K, 100% used [0x0f200000, 0x12a80000, 0x12a80000)
  from space 7168K,   0% used [0x13180000, 0x13180458, 0x13880000)
  to   space 7168K,   0% used [0x12a80000, 0x12a80000, 0x13180000)
 tenured generation   total 144084K, used 137093K [0x14750000, 0x1d405000, 0x1f200000)
   the space 144084K,  95% used [0x14750000, 0x1cd315d8, 0x1cd31600, 0x1d405000)
 Metaspace       used 987K, capacity 2606K, committed 2624K, reserved 4480K
Event: 65.495 GC heap after
Heap after GC invocations=7628 (full 8):
 def new generation   total 65024K, used 1K [0x0f200000, 0x13880000, 0x14750000)
  eden space 57856K,   0% used [0x0f200000, 0x0f200000, 0x12a80000)
  from space 7168K,   0% used [0x12a80000, 0x12a80438, 0x13180000)
  to   space 7168K,   0% used [0x13180000, 0x13180000, 0x13880000)
 tenured generation   total 144084K, used 137093K [0x14750000, 0x1d405000, 0x1f200000)
   the space 144084K,  95% used [0x14750000, 0x1cd315d8, 0x1cd31600, 0x1d405000)
 Metaspace       used 987K, capacity 2606K, committed 2624K, reserved 4480K
}
Event: 65.581 GC heap before
{Heap before GC invocations=7628 (full 8):
 def new generation   total 65024K, used 57857K [0x0f200000, 0x13880000, 0x14750000)
  eden space 57856K, 100% used [0x0f200000, 0x12a80000, 0x12a80000)
  from space 7168K,   0% used [0x12a80000, 0x12a80438, 0x13180000)
  to   space 7168K,   0% used [0x13180000, 0x13180000, 0x13880000)
 tenured generation   total 144084K, used 137093K [0x14750000, 0x1d405000, 0x1f200000)
   the space 144084K,  95% used [0x14750000, 0x1cd315d8, 0x1cd31600, 0x1d405000)
 Metaspace       used 987K, capacity 2606K, committed 2624K, reserved 4480K
Event: 65.582 GC heap after
Heap after GC invocations=7629 (full 8):
 def new generation   total 65024K, used 1K [0x0f200000, 0x13880000, 0x14750000)
  eden space 57856K,   0% used [0x0f200000, 0x0f200000, 0x12a80000)
  from space 7168K,   0% used [0x13180000, 0x13180438, 0x13880000)
  to   space 7168K,   0% used [0x12a80000, 0x12a80000, 0x13180000)
 tenured generation   total 144084K, used 137093K [0x14750000, 0x1d405000, 0x1f200000)
   the space 144084K,  95% used [0x14750000, 0x1cd315d8, 0x1cd31600, 0x1d405000)
 Metaspace       used 987K, capacity 2606K, committed 2624K, reserved 4480K
}
Event: 65.670 GC heap before
{Heap before GC invocations=7629 (full 8):
 def new generation   total 65024K, used 57857K [0x0f200000, 0x13880000, 0x14750000)
  eden space 57856K, 100% used [0x0f200000, 0x12a80000, 0x12a80000)
  from space 7168K,   0% used [0x13180000, 0x13180438, 0x13880000)
  to   space 7168K,   0% used [0x12a80000, 0x12a80000, 0x13180000)
 tenured generation   total 144084K, used 137093K [0x14750000, 0x1d405000, 0x1f200000)
   the space 144084K,  95% used [0x14750000, 0x1cd315d8, 0x1cd31600, 0x1d405000)
 Metaspace       used 987K, capacity 2606K, committed 2624K, reserved 4480K
Event: 65.671 GC heap after
Heap after GC invocations=7630 (full 8):
 def new generation   total 65024K, used 1K [0x0f200000, 0x13880000, 0x14750000)
  eden space 57856K,   0% used [0x0f200000, 0x0f200000, 0x12a80000)
  from space 7168K,   0% used [0x12a80000, 0x12a80438, 0x13180000)
  to   space 7168K,   0% used [0x13180000, 0x13180000, 0x13880000)
 tenured generation   total 144084K, used 137093K [0x14750000, 0x1d405000, 0x1f200000)
   the space 144084K,  95% used [0x14750000, 0x1cd315d8, 0x1cd31600, 0x1d405000)
 Metaspace       used 987K, capacity 2606K, committed 2624K, reserved 4480K
}
Event: 65.761 GC heap before
{Heap before GC invocations=7630 (full 8):
 def new generation   total 65024K, used 57857K [0x0f200000, 0x13880000, 0x14750000)
  eden space 57856K, 100% used [0x0f200000, 0x12a80000, 0x12a80000)
  from space 7168K,   0% used [0x12a80000, 0x12a80438, 0x13180000)
  to   space 7168K,   0% used [0x13180000, 0x13180000, 0x13880000)
 tenured generation   total 144084K, used 137093K [0x14750000, 0x1d405000, 0x1f200000)
   the space 144084K,  95% used [0x14750000, 0x1cd315d8, 0x1cd31600, 0x1d405000)
 Metaspace       used 987K, capacity 2606K, committed 2624K, reserved 4480K
Event: 65.761 GC heap after
Heap after GC invocations=7631 (full 8):
 def new generation   total 65024K, used 0K [0x0f200000, 0x13880000, 0x14750000)
  eden space 57856K,   0% used [0x0f200000, 0x0f200000, 0x12a80000)
  from space 7168K,   0% used [0x13180000, 0x131803a0, 0x13880000)
  to   space 7168K,   0% used [0x12a80000, 0x12a80000, 0x13180000)
 tenured generation   total 144084K, used 137093K [0x14750000, 0x1d405000, 0x1f200000)
   the space 144084K,  95% used [0x14750000, 0x1cd31670, 0x1cd31800, 0x1d405000)
 Metaspace       used 987K, capacity 2606K, committed 2624K, reserved 4480K
}

Deoptimization events (0 events):
No events

Internal exceptions (10 events):
Event: 3.587 Thread 0x05081400 Exception <a 'java/security/PrivilegedActionException'> (0x0f2710c0) thrown at [C:\re\workspace\8-2-build-windows-i586-cygwin\jdk8u31\2394\hotspot\src\share\vm\prims\jvm.cpp, line 1312]
Event: 3.601 Thread 0x050a5000 Exception <a 'java/security/PrivilegedActionException'> (0x0f2246d8) thrown at [C:\re\workspace\8-2-build-windows-i586-cygwin\jdk8u31\2394\hotspot\src\share\vm\prims\jvm.cpp, line 1312]
Event: 3.601 Thread 0x050a5000 Exception <a 'java/security/PrivilegedActionException'> (0x0f225bb8) thrown at [C:\re\workspace\8-2-build-windows-i586-cygwin\jdk8u31\2394\hotspot\src\share\vm\prims\jvm.cpp, line 1312]
Event: 3.601 Thread 0x05081400 Exception <a 'java/security/PrivilegedActionException'> (0x0f218020) thrown at [C:\re\workspace\8-2-build-windows-i586-cygwin\jdk8u31\2394\hotspot\src\share\vm\prims\jvm.cpp, line 1312]
Event: 3.602 Thread 0x05081400 Exception <a 'java/security/PrivilegedActionException'> (0x0f219500) thrown at [C:\re\workspace\8-2-build-windows-i586-cygwin\jdk8u31\2394\hotspot\src\share\vm\prims\jvm.cpp, line 1312]
Event: 3.602 Thread 0x0508b400 Exception <a 'java/security/PrivilegedActionException'> (0x0f21d6f0) thrown at [C:\re\workspace\8-2-build-windows-i586-cygwin\jdk8u31\2394\hotspot\src\share\vm\prims\jvm.cpp, line 1312]
Event: 3.602 Thread 0x0508b400 Exception <a 'java/security/PrivilegedActionException'> (0x0f21ebd0) thrown at [C:\re\workspace\8-2-build-windows-i586-cygwin\jdk8u31\2394\hotspot\src\share\vm\prims\jvm.cpp, line 1312]
Event: 3.603 Thread 0x050a5000 Exception <a 'java/security/PrivilegedActionException'> (0x0f3145d8) thrown at [C:\re\workspace\8-2-build-windows-i586-cygwin\jdk8u31\2394\hotspot\src\share\vm\prims\jvm.cpp, line 1312]
Event: 3.626 Thread 0x050a5000 Exception <a 'java/security/PrivilegedActionException'> (0x0f259d58) thrown at [C:\re\workspace\8-2-build-windows-i586-cygwin\jdk8u31\2394\hotspot\src\share\vm\prims\jvm.cpp, line 1312]
Event: 3.638 Thread 0x0508b400 Exception <a 'java/security/PrivilegedActionException'> (0x0f231978) thrown at [C:\re\workspace\8-2-build-windows-i586-cygwin\jdk8u31\2394\hotspot\src\share\vm\prims\jvm.cpp, line 1312]

Events (10 events):
Event: 65.409 Executing VM operation: GenCollectForAllocation
Event: 65.410 Executing VM operation: GenCollectForAllocation done
Event: 65.494 Executing VM operation: GenCollectForAllocation
Event: 65.495 Executing VM operation: GenCollectForAllocation done
Event: 65.581 Executing VM operation: GenCollectForAllocation
Event: 65.582 Executing VM operation: GenCollectForAllocation done
Event: 65.670 Executing VM operation: GenCollectForAllocation
Event: 65.671 Executing VM operation: GenCollectForAllocation done
Event: 65.761 Executing VM operation: GenCollectForAllocation
Event: 65.761 Executing VM operation: GenCollectForAllocation done


Dynamic libraries:
0x013b0000 - 0x013e0000 	C:\Program Files\Java\jre1.8.0_31\bin\javaw.exe
0x76eb0000 - 0x76ff1000 	C:\Windows\SYSTEM32\ntdll.dll
0x75e30000 - 0x75f04000 	C:\Windows\system32\kernel32.dll
0x74fb0000 - 0x74ffb000 	C:\Windows\system32\KERNELBASE.dll
0x75f10000 - 0x75fb0000 	C:\Windows\system32\ADVAPI32.dll
0x764b0000 - 0x7655c000 	C:\Windows\system32\msvcrt.dll
0x77000000 - 0x77019000 	C:\Windows\SYSTEM32\sechost.dll
0x767c0000 - 0x76862000 	C:\Windows\system32\RPCRT4.dll
0x76660000 - 0x76729000 	C:\Windows\system32\USER32.dll
0x770b0000 - 0x770fe000 	C:\Windows\system32\GDI32.dll
0x77040000 - 0x7704a000 	C:\Windows\system32\LPK.dll
0x765c0000 - 0x7665d000 	C:\Windows\system32\USP10.dll
0x73ae0000 - 0x73c7e000 	C:\Windows\WinSxS\x86_microsoft.windows.common-controls_6595b64144ccf1df_6.0.7601.18807_none_41e554362bd82458\COMCTL32.dll
0x77050000 - 0x770a7000 	C:\Windows\system32\SHLWAPI.dll
0x77020000 - 0x7703f000 	C:\Windows\system32\IMM32.DLL
0x769d0000 - 0x76a9c000 	C:\Windows\system32\MSCTF.dll
0x74e10000 - 0x74e46000 	c:\windows\system32\nvinit.dll
0x0f000000 - 0x0f006000 	C:\Program Files\NVIDIA Corporation\CoProcManager\_etoured.dll
0x70a10000 - 0x70a4d000 	C:\Program Files\NVIDIA Corporation\CoProcManager\nvd3d9wrap.dll
0x76c80000 - 0x76e1d000 	C:\Windows\system32\SETUPAPI.dll
0x75060000 - 0x75087000 	C:\Windows\system32\CFGMGR32.dll
0x76730000 - 0x767bf000 	C:\Windows\system32\OLEAUT32.dll
0x76870000 - 0x769cc000 	C:\Windows\system32\ole32.dll
0x75040000 - 0x75052000 	C:\Windows\system32\DEVOBJ.dll
0x709d0000 - 0x70a0b000 	C:\Program Files\NVIDIA Corporation\CoProcManager\nvdxgiwrap.dll
0x69040000 - 0x690ff000 	C:\Program Files\Java\jre1.8.0_31\bin\msvcr100.dll
0x58f90000 - 0x59334000 	C:\Program Files\Java\jre1.8.0_31\bin\client\jvm.dll
0x70250000 - 0x70257000 	C:\Windows\system32\WSOCK32.dll
0x76280000 - 0x762b5000 	C:\Windows\system32\WS2_32.dll
0x765b0000 - 0x765b6000 	C:\Windows\system32\NSI.dll
0x73400000 - 0x73432000 	C:\Windows\system32\WINMM.dll
0x76420000 - 0x76425000 	C:\Windows\system32\PSAPI.DLL
0x731f0000 - 0x731fc000 	C:\Program Files\Java\jre1.8.0_31\bin\verify.dll
0x729c0000 - 0x729e1000 	C:\Program Files\Java\jre1.8.0_31\bin\java.dll
0x72aa0000 - 0x72ab3000 	C:\Program Files\Java\jre1.8.0_31\bin\zip.dll
0x751e0000 - 0x75e2b000 	C:\Windows\system32\SHELL32.dll
0x74eb0000 - 0x74ebb000 	C:\Windows\system32\profapi.dll
0x668f0000 - 0x66a36000 	C:\Program Files\Java\jre1.8.0_31\bin\awt.dll
0x03a10000 - 0x03a64000 	C:\ProgramData\Anti-phishing Domain Advisor\visicom_antiphishing.dll
0x743a0000 - 0x743a9000 	C:\Windows\system32\VERSION.dll
0x65680000 - 0x656d8000 	C:\Program Files\Common Files\microsoft shared\ink\tiptsf.dll
0x74d10000 - 0x74d1c000 	C:\Windows\system32\CRYPTBASE.dll
0x743f0000 - 0x74403000 	C:\Windows\system32\DWMAPI.DLL
0x72960000 - 0x72999000 	C:\Program Files\Java\jre1.8.0_31\bin\fontmanager.dll
0x72a80000 - 0x72a95000 	C:\Program Files\Java\jre1.8.0_31\bin\net.dll
0x74820000 - 0x7485c000 	C:\Windows\system32\mswsock.dll
0x74890000 - 0x74896000 	C:\Windows\System32\wship6.dll
0x732c0000 - 0x732cf000 	C:\Program Files\Java\jre1.8.0_31\bin\nio.dll
0x73180000 - 0x731b0000 	C:\Program Files\Java\jre1.8.0_31\bin\t2k.dll
0x76e20000 - 0x76ea3000 	C:\Windows\system32\CLBCatQ.DLL
0x71f00000 - 0x72031000 	C:\Windows\system32\WindowsCodecs.dll
0x74d80000 - 0x74dcc000 	C:\Windows\system32\apphelp.dll
0x70750000 - 0x70762000 	C:\Program Files\Common Files\TortoiseOverlays\TortoiseOverlays.dll
0x70780000 - 0x7078d000 	C:\Program Files\TortoiseSVN\bin\TortoiseStub32.dll
0x64740000 - 0x647ac000 	C:\Program Files\TortoiseSVN\bin\TortoiseSVN32.dll
0x76aa0000 - 0x76c73000 	C:\Windows\system32\WININET.dll
0x751d0000 - 0x751d4000 	C:\Windows\system32\api-ms-win-downlevel-user32-l1-1-0.dll
0x75030000 - 0x75034000 	C:\Windows\system32\api-ms-win-downlevel-shlwapi-l1-1-0.dll
0x75090000 - 0x75094000 	C:\Windows\system32\api-ms-win-downlevel-version-l1-1-0.dll
0x74f70000 - 0x74f73000 	C:\Windows\system32\api-ms-win-downlevel-normaliz-l1-1-0.dll
0x76410000 - 0x76413000 	C:\Windows\system32\normaliz.DLL
0x75fb0000 - 0x761e2000 	C:\Windows\system32\iertutil.dll
0x74ed0000 - 0x74ed5000 	C:\Windows\system32\api-ms-win-downlevel-advapi32-l1-1-0.dll
0x74f90000 - 0x74fa7000 	C:\Windows\system32\USERENV.dll
0x64460000 - 0x6473f000 	C:\Program Files\TortoiseSVN\bin\libsvn_tsvn32.dll
0x70720000 - 0x70744000 	C:\Program Files\TortoiseSVN\bin\libapr_tsvn32.dll
0x64420000 - 0x64456000 	C:\Program Files\TortoiseSVN\bin\libaprutil_tsvn32.dll
0x76560000 - 0x765a5000 	C:\Windows\system32\WLDAP32.dll
0x70770000 - 0x7077d000 	C:\Program Files\TortoiseSVN\bin\intl3_tsvn32.dll
0x65040000 - 0x65053000 	C:\Program Files\TortoiseSVN\bin\libsasl32.dll
0x74cb0000 - 0x74cb8000 	C:\Windows\system32\Secur32.dll
0x74cf0000 - 0x74d0b000 	C:\Windows\system32\SSPICLI.DLL
0x750a0000 - 0x751c1000 	C:\Windows\system32\CRYPT32.dll
0x74ec0000 - 0x74ecc000 	C:\Windows\system32\MSASN1.dll
0x6f300000 - 0x6f369000 	C:\Windows\system32\MSVCP100.dll
0x73980000 - 0x739c0000 	C:\Windows\system32\UXTHEME.DLL
0x63990000 - 0x639c1000 	C:\Windows\system32\EhStorShell.dll
0x73750000 - 0x73845000 	C:\Windows\system32\PROPSYS.dll
0x63f60000 - 0x64366000 	C:\PROGRA~1\MICROS~3\Office14\GROOVEEX.DLL
0x70550000 - 0x705f3000 	C:\Windows\WinSxS\x86_microsoft.vc90.crt_1fc8b3b9a1e18e3b_9.0.30729.6161_none_50934f2ebcb7eb57\MSVCR90.dll
0x6ced0000 - 0x6cf5e000 	C:\Windows\WinSxS\x86_microsoft.vc90.crt_1fc8b3b9a1e18e3b_9.0.30729.6161_none_50934f2ebcb7eb57\MSVCP90.dll
0x64800000 - 0x6482b000 	C:\Windows\WinSxS\x86_microsoft.vc90.atl_1fc8b3b9a1e18e3b_9.0.30729.6161_none_51cd0a7abbe4e19b\ATL90.DLL
0x63560000 - 0x6397a000 	C:\PROGRA~1\COMMON~1\MICROS~1\OFFICE14\Cultures\office.odf
0x62cf0000 - 0x63555000 	C:\PROGRA~1\MICROS~3\Office14\1033\GrooveIntlResource.dll
0x6f500000 - 0x6f53c000 	C:\Windows\system32\oleacc.dll
0x71900000 - 0x719eb000 	C:\Windows\system32\dbghelp.dll

VM Arguments:
jvm_args: -Dfile.encoding=Cp1252 
java_command: gui.WebServer
java_class_path (initial): C:\Users\lockarbm\Desktop\School\SSpring\SA\project\csse477-term-project\edu.rosehulman.sws\bin;C:\Users\lockarbm\Desktop\School\SSpring\SA\project\csse477-term-project\edu.rosehulman.sws\libs\json-20141113.jar
Launcher Type: SUN_STANDARD

Environment Variables:
JAVA_HOME=C:\Program Files\Java\jdk1.7.0_75
JRE_HOME=C:\Program Files\Java\jre7
CLASSPATH=.;C:\Program Files\Java\jre6\lib\ext\QTJava.zip
PATH=C:/Program Files/Java/jre1.8.0_31/bin/client;C:/Program Files/Java/jre1.8.0_31/bin;C:/Program Files/Java/jre1.8.0_31/lib/i386;C:\ProgramData\Oracle\Java\javapath;C:\Program Files\Chez Scheme Version 8.4\bin\i3nt;C:\Program Files\NVIDIA Corporation\PhysX\Common;C:\watcom-1.3\binnt;C:\watcom-1.3\binw;C:\Windows\system32;C:\Windows;C:\Windows\System32\Wbem;C:\Windows\System32\WindowsPowerShell\v1.0\;C:\MinGW\bin;C:\Program Files\MATLAB\R2011a\runtime\win32;C:\Program Files\MATLAB\R2011a\bin;c:\Program Files\Microsoft SQL Server\100\Tools\Binn\;c:\Program Files\Microsoft SQL Server\100\DTS\Binn\;C:\Program Files\Common Files\Ulead Systems\MPEG;C:\Program Files\QuickTime\QTSystem\;c:\Program Files\Microsoft SQL Server\100\Tools\Binn\VSShell\Common7\IDE\;C:\Program Files\Git\cmd;C:\Program Files\Microsoft\Web Platform Installer\;C:\Program Files\Microsoft ASP.NET\ASP.NET Web Pages\v1.0\;C:\Program Files\Windows Kits\8.0\Windows Performance Toolkit\;C:\Program Files\Microsoft SQL Server\110\Tools\Binn\;C:\Program Files\NuSMV\2.5.4\bin;C:\Users\lockarbm\Desktop\School\yices-2.1.0\bin;C:\Program Files\TortoiseSVN\bin;C:\Program Files\Python2;C:\Program Files\scala\bin;C:\Program Files\Java\jdk1.7.0_75\bin;C:\Program Files\RabbitMQ Server\rabbitmq_server-3.5.1\sbin;C:\Users\lockarbm\Desktop\School\eclipse;
USERNAME=lockarbm
OS=Windows_NT
PROCESSOR_IDENTIFIER=x86 Family 6 Model 42 Stepping 7, GenuineIntel



---------------  S Y S T E M  ---------------

OS: Windows 7 Build 7601 Service Pack 1

CPU:total 8 (4 cores per cpu, 2 threads per core) family 6 model 42 stepping 7, cmov, cx8, fxsr, mmx, sse, sse2, sse3, ssse3, sse4.1, sse4.2, popcnt, avx, aes, clmul, ht, tsc, tscinvbit

Memory: 4k page, physical 3052784k(377508k free), swap 3222064k(448k free)

vm_info: Java HotSpot(TM) Client VM (25.31-b07) for windows-x86 JRE (1.8.0_31-b13), built on Dec 17 2014 20:46:12 by "java_re" with MS VC++ 10.0 (VS2010)

time: Sun May 17 21:25:03 2015
elapsed time: 65 seconds (0d 0h 1m 5s)

